<?xml version="1.0" encoding="UTF-8"?>
<!-- Generated by org.testng.reporters.JUnitXMLReporter -->
<testsuite ignored="0" hostname="Arun" failures="0" tests="5" name="Test" time="58.429" errors="0" timestamp="2025-05-28T22:57:40 IST">
  <testcase classname="test.TC_001_LoginTest" name="LoginTest" time="1.281"/>
  <testcase classname="test.TC_002_SearchHotelTest" name="SearchHotelTest" time="7.94"/>
  <testcase classname="test.TC_003_HotelListTest" name="HotelListTest" time="6.29"/>
  <testcase classname="test.TC_005_ConfirmHotelTest" name="ConfirmHotelPage" time="21.937"/>
  <testcase classname="test.TC_007_LogoutTest" name="LogoutTest" time="1.706"/>
</testsuite> <!-- Test -->
