<?xml version="1.0" encoding="UTF-8"?>
<testng-results ignored="0" total="1" passed="1" failed="0" skipped="0">
  <reporter-output>
  </reporter-output>
  <suite started-at="2025-05-27T22:13:35 IST" name="Suite" finished-at="2025-05-27T22:13:42 IST" duration-ms="7160">
    <groups>
    </groups>
    <test started-at="2025-05-27T22:13:35 IST" name="Test" finished-at="2025-05-27T22:13:42 IST" duration-ms="7160">
      <class name="test.TC_001_LoginTest">
        <test-method is-config="true" signature="launchBrowser(java.lang.String)[pri:0, instance:test.TC_001_LoginTest@3023df74]" started-at="2025-05-27T22:13:35 IST" name="launchBrowser" finished-at="2025-05-27T22:13:41 IST" duration-ms="5478" status="PASS">
          <params>
            <param index="0">
              <value>
                <![CDATA[https://adactinhotelapp.com/index.php]]>
              </value>
            </param>
          </params>
          <reporter-output>
          </reporter-output>
        </test-method> <!-- launchBrowser -->
        <test-method signature="LoginTest()[pri:0, instance:test.TC_001_LoginTest@3023df74]" started-at="2025-05-27T22:13:41 IST" name="LoginTest" finished-at="2025-05-27T22:13:42 IST" duration-ms="1467" status="PASS">
          <reporter-output>
          </reporter-output>
        </test-method> <!-- LoginTest -->
        <test-method is-config="true" signature="closeBrowser()[pri:0, instance:test.TC_001_LoginTest@3023df74]" started-at="2025-05-27T22:13:42 IST" name="closeBrowser" finished-at="2025-05-27T22:13:42 IST" duration-ms="171" status="PASS">
          <reporter-output>
          </reporter-output>
        </test-method> <!-- closeBrowser -->
      </class> <!-- test.TC_001_LoginTest -->
    </test> <!-- Test -->
  </suite> <!-- Suite -->
</testng-results>
