<?xml version="1.0" encoding="UTF-8"?>
<testng-results ignored="0" total="1" passed="1" failed="0" skipped="0">
  <reporter-output>
  </reporter-output>
  <suite started-at="2025-05-25T23:44:59 IST" name="Suite" finished-at="2025-05-25T23:45:19 IST" duration-ms="19780">
    <groups>
    </groups>
    <test started-at="2025-05-25T23:44:59 IST" name="Test" finished-at="2025-05-25T23:45:19 IST" duration-ms="19780">
      <class name="test.TC_006_HotelItineraryTest">
        <test-method is-config="true" signature="launchBrowser(java.lang.String)[pri:0, instance:test.TC_006_HotelItineraryTest@3bd82cf5]" started-at="2025-05-25T23:44:59 IST" name="launchBrowser" finished-at="2025-05-25T23:45:04 IST" duration-ms="5527" status="PASS">
          <params>
            <param index="0">
              <value>
                <![CDATA[https://adactinhotelapp.com/index.php]]>
              </value>
            </param>
          </params>
          <reporter-output>
          </reporter-output>
        </test-method> <!-- launchBrowser -->
        <test-method signature="HotelItineraryTest()[pri:0, instance:test.TC_006_HotelItineraryTest@3bd82cf5]" started-at="2025-05-25T23:45:04 IST" name="HotelItineraryTest" finished-at="2025-05-25T23:45:18 IST" duration-ms="13853" status="PASS">
          <reporter-output>
          </reporter-output>
        </test-method> <!-- HotelItineraryTest -->
        <test-method is-config="true" signature="closeBrowser()[pri:0, instance:test.TC_006_HotelItineraryTest@3bd82cf5]" started-at="2025-05-25T23:45:18 IST" name="closeBrowser" finished-at="2025-05-25T23:45:19 IST" duration-ms="347" status="PASS">
          <reporter-output>
          </reporter-output>
        </test-method> <!-- closeBrowser -->
      </class> <!-- test.TC_006_HotelItineraryTest -->
    </test> <!-- Test -->
  </suite> <!-- Suite -->
</testng-results>
